Arguments: 
  /home/luizsetten/.nvm/versions/node/v12.16.3/bin/node /home/luizsetten/.nvm/versions/node/v12.16.3/bin/yarn add sequelize

PATH: 
  /home/luizsetten/.nvm/versions/node/v12.16.3/bin:/home/luizsetten/.zinit/polaris/bin:/home/luizsetten/.local/bin:/usr/local/sbin:/usr/local/bin:/usr/sbin:/usr/bin:/sbin:/bin:/usr/games:/usr/local/games:/snap/bin:/home/luizsetten/Android/Sdk/emulator:/home/luizsetten/Android/Sdk/tools:/home/luizsetten/Android/Sdk/tools/bin:/home/luizsetten/Android/Sdk/platform-tools

Yarn version: 
  1.22.4

Node version: 
  12.16.3

Platform: 
  linux x64

Trace: 
  Error: getaddrinfo EAI_AGAIN registry.yarnpkg.com
      at GetAddrInfoReqWrap.onlookup [as oncomplete] (dns.js:64:26)

npm manifest: 
  {
    "name": "estacao-meteorologica-backend",
    "version": "1.0.0",
    "description": "",
    "main": "index.js",
    "scripts": {
      "test": "echo \"Error: no test specified\" && exit 1"
    },
    "repository": {
      "type": "git",
      "url": "git+https://github.com/luizsetten/estacao-meteorologica-backend.git"
    },
    "keywords": [],
    "author": "",
    "license": "ISC",
    "bugs": {
      "url": "https://github.com/luizsetten/estacao-meteorologica-backend/issues"
    },
    "homepage": "https://github.com/luizsetten/estacao-meteorologica-backend#readme"
  }

yarn manifest: 
  No manifest

Lockfile: 
  No lockfile
